{"C:\\Users\\Admin\\Downloads\\React_Pagination_Assignment\\react-pagination-assignment\\src\\App.tsx": {"path":"C:\\Users\\Admin\\Downloads\\React_Pagination_Assignment\\react-pagination-assignment\\src\\App.tsx","statementMap":{"0":{"start":{"line":1,"column":0},"end":{"line":1,"column":42}},"1":{"start":{"line":2,"column":0},"end":{"line":2,"column":18}},"2":{"start":{"line":6,"column":0},"end":{"line":6,"column":72}},"3":{"start":{"line":7,"column":0},"end":{"line":7,"column":63}},"4":{"start":{"line":8,"column":0},"end":{"line":8,"column":55}},"5":{"start":{"line":12,"column":19},"end":{"line":12,"column":35}},"6":{"start":{"line":13,"column":20},"end":{"line":13,"column":65}},"7":{"start":{"line":13,"column":44},"end":{"line":13,"column":64}},"8":{"start":{"line":14,"column":20},"end":{"line":14,"column":66}},"9":{"start":{"line":14,"column":44},"end":{"line":14,"column":65}},"10":{"start":{"line":15,"column":39},"end":{"line":15,"column":50}},"11":{"start":{"line":20,"column":2},"end":{"line":22,"column":19}},"12":{"start":{"line":21,"column":4},"end":{"line":21,"column":40}},"13":{"start":{"line":51,"column":23},"end":{"line":57,"column":3}},"14":{"start":{"line":52,"column":4},"end":{"line":56,"column":5}},"15":{"start":{"line":55,"column":6},"end":{"line":55,"column":36}},"16":{"start":{"line":59,"column":2},"end":{"line":64,"column":9}},"17":{"start":{"line":60,"column":4},"end":{"line":60,"column":52}},"18":{"start":{"line":61,"column":4},"end":{"line":63,"column":6}},"19":{"start":{"line":62,"column":6},"end":{"line":62,"column":57}},"20":{"start":{"line":66,"column":2},"end":{"line":77,"column":null}},"21":{"start":{"line":72,"column":10},"end":{"line":72,"column":56}},"22":{"start":{"line":80,"column":0},"end":{"line":80,"column":null}}},"fnMap":{"0":{"name":"App","decl":{"start":{"line":10,"column":9},"end":{"line":10,"column":12}},"loc":{"start":{"line":10,"column":12},"end":{"line":78,"column":1}}},"1":{"name":"(anonymous_2)","decl":{"start":{"line":13,"column":35},"end":{"line":13,"column":40}},"loc":{"start":{"line":13,"column":44},"end":{"line":13,"column":64}}},"2":{"name":"(anonymous_3)","decl":{"start":{"line":14,"column":35},"end":{"line":14,"column":40}},"loc":{"start":{"line":14,"column":44},"end":{"line":14,"column":65}}},"3":{"name":"(anonymous_4)","decl":{"start":{"line":20,"column":12},"end":{"line":20,"column":14}},"loc":{"start":{"line":20,"column":16},"end":{"line":22,"column":3}}},"4":{"name":"(anonymous_5)","decl":{"start":{"line":51,"column":23},"end":{"line":51,"column":26}},"loc":{"start":{"line":51,"column":28},"end":{"line":57,"column":3}}},"5":{"name":"(anonymous_6)","decl":{"start":{"line":59,"column":12},"end":{"line":59,"column":15}},"loc":{"start":{"line":59,"column":17},"end":{"line":64,"column":3}}},"6":{"name":"(anonymous_7)","decl":{"start":{"line":61,"column":11},"end":{"line":61,"column":14}},"loc":{"start":{"line":61,"column":16},"end":{"line":63,"column":5}}},"7":{"name":"(anonymous_8)","decl":{"start":{"line":71,"column":23},"end":{"line":71,"column":24}},"loc":{"start":{"line":72,"column":10},"end":{"line":72,"column":56}}}},"branchMap":{"0":{"loc":{"start":{"line":52,"column":4},"end":{"line":56,"column":5}},"type":"if","locations":[{"start":{"line":52,"column":4},"end":{"line":56,"column":5}}]},"1":{"loc":{"start":{"line":68,"column":44},"end":{"line":68,"column":72}},"type":"binary-expr","locations":[{"start":{"line":68,"column":44},"end":{"line":68,"column":53}},{"start":{"line":68,"column":57},"end":{"line":68,"column":72}}]},"2":{"loc":{"start":{"line":69,"column":57},"end":{"line":69,"column":83}},"type":"cond-expr","locations":[{"start":{"line":69,"column":67},"end":{"line":69,"column":80}},{"start":{"line":69,"column":81},"end":{"line":69,"column":83}}]}},"s":{"0":0,"1":0,"2":0,"3":0,"4":0,"5":0,"6":0,"7":0,"8":0,"9":0,"10":0,"11":0,"12":0,"13":0,"14":0,"15":0,"16":0,"17":0,"18":0,"19":0,"20":0,"21":0,"22":0},"f":{"0":0,"1":0,"2":0,"3":0,"4":0,"5":0,"6":0,"7":0},"b":{"0":[0],"1":[0,0],"2":[0,0]}}
,"C:\\Users\\Admin\\Downloads\\React_Pagination_Assignment\\react-pagination-assignment\\src\\main.tsx": {"path":"C:\\Users\\Admin\\Downloads\\React_Pagination_Assignment\\react-pagination-assignment\\src\\main.tsx","statementMap":{"0":{"start":{"line":2,"column":0},"end":{"line":2,"column":39}},"1":{"start":{"line":3,"column":0},"end":{"line":3,"column":27}},"2":{"start":{"line":4,"column":0},"end":{"line":4,"column":21}},"3":{"start":{"line":5,"column":0},"end":{"line":5,"column":38}},"4":{"start":{"line":6,"column":0},"end":{"line":6,"column":41}},"5":{"start":{"line":8,"column":0},"end":{"line":12,"column":null}}},"fnMap":{},"branchMap":{},"s":{"0":0,"1":0,"2":0,"3":0,"4":0,"5":0},"f":{},"b":{}}
,"C:\\Users\\Admin\\Downloads\\React_Pagination_Assignment\\react-pagination-assignment\\src\\test-utils.tsx": {"path":"C:\\Users\\Admin\\Downloads\\React_Pagination_Assignment\\react-pagination-assignment\\src\\test-utils.tsx","statementMap":{"0":{"start":{"line":1,"column":0},"end":{"line":1,"column":39}},"1":{"start":{"line":2,"column":0},"end":{"line":2,"column":49}},"2":{"start":{"line":3,"column":0},"end":{"line":3,"column":48}},"3":{"start":{"line":8,"column":2},"end":{"line":8,"column":55}},"4":{"start":{"line":7,"column":0},"end":{"line":7,"column":16}},"5":{"start":{"line":13,"column":28},"end":{"line":21,"column":null}},"6":{"start":{"line":22,"column":4},"end":{"line":22,"column":null}},"7":{"start":{"line":12,"column":0},"end":{"line":12,"column":16}}},"fnMap":{"0":{"name":"renderWithContext","decl":{"start":{"line":7,"column":16},"end":{"line":7,"column":33}},"loc":{"start":{"line":7,"column":61},"end":{"line":9,"column":1}}},"1":{"name":"getStateWithItems","decl":{"start":{"line":12,"column":16},"end":{"line":12,"column":33}},"loc":{"start":{"line":12,"column":58},"end":{"line":23,"column":1}}}},"branchMap":{},"s":{"0":0,"1":0,"2":0,"3":0,"4":0,"5":0,"6":0,"7":0},"f":{"0":0,"1":0},"b":{}}
,"C:\\Users\\Admin\\Downloads\\React_Pagination_Assignment\\react-pagination-assignment\\src\\components\\user-card\\UserCard.tsx": {"path":"C:\\Users\\Admin\\Downloads\\React_Pagination_Assignment\\react-pagination-assignment\\src\\components\\user-card\\UserCard.tsx","statementMap":{"0":{"start":{"line":4,"column":17},"end":{"line":19,"column":1}},"1":{"start":{"line":5,"column":2},"end":{"line":18,"column":4}},"2":{"start":{"line":21,"column":0},"end":{"line":21,"column":24}}},"fnMap":{"0":{"name":"(anonymous_0)","decl":{"start":{"line":4,"column":17},"end":{"line":4,"column":18}},"loc":{"start":{"line":4,"column":55},"end":{"line":19,"column":1}}}},"branchMap":{},"s":{"0":0,"1":0,"2":0},"f":{"0":0},"b":{}}
,"C:\\Users\\Admin\\Downloads\\React_Pagination_Assignment\\react-pagination-assignment\\src\\components\\users\\Users.tsx": {"path":"C:\\Users\\Admin\\Downloads\\React_Pagination_Assignment\\react-pagination-assignment\\src\\components\\users\\Users.tsx","statementMap":{"0":{"start":{"line":1,"column":14},"end":{"line":11,"column":1}},"1":{"start":{"line":2,"column":2},"end":{"line":10,"column":4}},"2":{"start":{"line":13,"column":0},"end":{"line":13,"column":21}}},"fnMap":{"0":{"name":"(anonymous_0)","decl":{"start":{"line":1,"column":14},"end":{"line":1,"column":17}},"loc":{"start":{"line":1,"column":19},"end":{"line":11,"column":1}}}},"branchMap":{},"s":{"0":1,"1":2,"2":1},"f":{"0":2},"b":{}}
,"C:\\Users\\Admin\\Downloads\\React_Pagination_Assignment\\react-pagination-assignment\\src\\features\\user\\userSlice.ts": {"path":"C:\\Users\\Admin\\Downloads\\React_Pagination_Assignment\\react-pagination-assignment\\src\\features\\user\\userSlice.ts","statementMap":{"0":{"start":{"line":1,"column":0},"end":{"line":1,"column":64}},"1":{"start":{"line":2,"column":0},"end":{"line":2,"column":25}},"2":{"start":{"line":12,"column":21},"end":{"line":17,"column":null}},"3":{"start":{"line":19,"column":13},"end":{"line":31,"column":null}},"4":{"start":{"line":22,"column":16},"end":{"line":22,"column":78}},"5":{"start":{"line":23,"column":17},"end":{"line":23,"column":31}},"6":{"start":{"line":24,"column":4},"end":{"line":24,"column":16}},"7":{"start":{"line":33,"column":13},"end":{"line":51,"column":null}},"8":{"start":{"line":38,"column":4},"end":{"line":40,"column":null}},"9":{"start":{"line":39,"column":6},"end":{"line":39,"column":null}},"10":{"start":{"line":41,"column":4},"end":{"line":49,"column":null}},"11":{"start":{"line":42,"column":8},"end":{"line":48,"column":null}},"12":{"start":{"line":53,"column":0},"end":{"line":53,"column":null}}},"fnMap":{"0":{"name":"(anonymous_1)","decl":{"start":{"line":21,"column":2},"end":{"line":21,"column":7}},"loc":{"start":{"line":21,"column":31},"end":{"line":30,"column":3}}},"1":{"name":"(anonymous_2)","decl":{"start":{"line":37,"column":17},"end":{"line":37,"column":18}},"loc":{"start":{"line":37,"column":29},"end":{"line":50,"column":3}}},"2":{"name":"(anonymous_3)","decl":{"start":{"line":38,"column":42},"end":{"line":38,"column":43}},"loc":{"start":{"line":38,"column":52},"end":{"line":40,"column":5}}},"3":{"name":"(anonymous_4)","decl":{"start":{"line":41,"column":44},"end":{"line":41,"column":45}},"loc":{"start":{"line":41,"column":62},"end":{"line":49,"column":5}}}},"branchMap":{},"s":{"0":2,"1":2,"2":2,"3":2,"4":1,"5":1,"6":1,"7":2,"8":1,"9":0,"10":1,"11":0,"12":2},"f":{"0":1,"1":1,"2":0,"3":0},"b":{}}
,"C:\\Users\\Admin\\Downloads\\React_Pagination_Assignment\\react-pagination-assignment\\src\\store\\hooks.ts": {"path":"C:\\Users\\Admin\\Downloads\\React_Pagination_Assignment\\react-pagination-assignment\\src\\store\\hooks.ts","statementMap":{"0":{"start":{"line":1,"column":0},"end":{"line":1,"column":54}},"1":{"start":{"line":5,"column":13},"end":{"line":5,"column":null}},"2":{"start":{"line":6,"column":13},"end":{"line":6,"column":null}}},"fnMap":{},"branchMap":{},"s":{"0":0,"1":0,"2":0},"f":{},"b":{}}
,"C:\\Users\\Admin\\Downloads\\React_Pagination_Assignment\\react-pagination-assignment\\src\\store\\store.ts": {"path":"C:\\Users\\Admin\\Downloads\\React_Pagination_Assignment\\react-pagination-assignment\\src\\store\\store.ts","statementMap":{"0":{"start":{"line":1,"column":0},"end":{"line":1,"column":49}},"1":{"start":{"line":2,"column":0},"end":{"line":2,"column":52}},"2":{"start":{"line":3,"column":0},"end":{"line":3,"column":35}},"3":{"start":{"line":5,"column":13},"end":{"line":11,"column":null}},"4":{"start":{"line":10,"column":4},"end":{"line":10,"column":40}}},"fnMap":{"0":{"name":"(anonymous_1)","decl":{"start":{"line":9,"column":14},"end":{"line":9,"column":15}},"loc":{"start":{"line":10,"column":4},"end":{"line":10,"column":40}}}},"branchMap":{},"s":{"0":0,"1":0,"2":0,"3":0,"4":0},"f":{"0":0},"b":{}}
}
